{"/Users/jacobbergeron/cs3733/my-app/src/model.ts": {"path":"/Users/jacobbergeron/cs3733/my-app/src/model.ts","all":false,"statementMap":{"0":{"start":{"line":1,"column":0},"end":{"line":1,"column":0}},"3":{"start":{"line":4,"column":0},"end":{"line":4,"column":25}},"7":{"start":{"line":8,"column":0},"end":{"line":8,"column":44}},"8":{"start":{"line":9,"column":0},"end":{"line":9,"column":20}},"9":{"start":{"line":10,"column":0},"end":{"line":10,"column":26}},"10":{"start":{"line":11,"column":0},"end":{"line":11,"column":5}},"11":{"start":{"line":12,"column":0},"end":{"line":12,"column":1}},"13":{"start":{"line":14,"column":0},"end":{"line":14,"column":20}},"17":{"start":{"line":18,"column":0},"end":{"line":18,"column":19}},"18":{"start":{"line":19,"column":0},"end":{"line":19,"column":25}},"19":{"start":{"line":20,"column":0},"end":{"line":20,"column":44}},"20":{"start":{"line":21,"column":0},"end":{"line":21,"column":32}},"21":{"start":{"line":22,"column":0},"end":{"line":22,"column":48}},"22":{"start":{"line":23,"column":0},"end":{"line":23,"column":39}},"23":{"start":{"line":24,"column":0},"end":{"line":24,"column":13}},"24":{"start":{"line":25,"column":0},"end":{"line":25,"column":9}},"26":{"start":{"line":27,"column":0},"end":{"line":27,"column":39}},"27":{"start":{"line":28,"column":0},"end":{"line":28,"column":5}},"28":{"start":{"line":29,"column":0},"end":{"line":29,"column":1}},"30":{"start":{"line":31,"column":0},"end":{"line":31,"column":20}},"35":{"start":{"line":36,"column":0},"end":{"line":36,"column":51}},"39":{"start":{"line":40,"column":0},"end":{"line":40,"column":31}},"40":{"start":{"line":41,"column":0},"end":{"line":41,"column":27}},"41":{"start":{"line":42,"column":0},"end":{"line":42,"column":47}},"42":{"start":{"line":43,"column":0},"end":{"line":43,"column":31}},"43":{"start":{"line":44,"column":0},"end":{"line":44,"column":25}},"44":{"start":{"line":45,"column":0},"end":{"line":45,"column":22}},"45":{"start":{"line":46,"column":0},"end":{"line":46,"column":23}},"46":{"start":{"line":47,"column":0},"end":{"line":47,"column":44}},"47":{"start":{"line":48,"column":0},"end":{"line":48,"column":43}},"49":{"start":{"line":50,"column":0},"end":{"line":50,"column":48}},"50":{"start":{"line":51,"column":0},"end":{"line":51,"column":58}},"51":{"start":{"line":52,"column":0},"end":{"line":52,"column":13}},"52":{"start":{"line":53,"column":0},"end":{"line":53,"column":9}},"53":{"start":{"line":54,"column":0},"end":{"line":54,"column":26}},"54":{"start":{"line":55,"column":0},"end":{"line":55,"column":5}},"56":{"start":{"line":57,"column":0},"end":{"line":57,"column":41}},"57":{"start":{"line":58,"column":0},"end":{"line":58,"column":46}},"58":{"start":{"line":59,"column":0},"end":{"line":59,"column":5}},"59":{"start":{"line":60,"column":0},"end":{"line":60,"column":1}}},"s":{"0":1,"3":1,"7":1,"8":8,"9":8,"10":8,"11":1,"13":1,"17":1,"18":29,"19":29,"20":145,"21":145,"22":725,"23":725,"24":145,"26":29,"27":29,"28":1,"30":1,"35":1,"39":1,"40":29,"41":29,"42":29,"43":29,"44":29,"45":29,"46":29,"47":145,"49":145,"50":725,"51":725,"52":145,"53":29,"54":29,"56":1,"57":625,"58":625,"59":1},"branchMap":{"0":{"type":"branch","line":8,"loc":{"start":{"line":8,"column":4},"end":{"line":11,"column":5}},"locations":[{"start":{"line":8,"column":4},"end":{"line":11,"column":5}}]},"1":{"type":"branch","line":18,"loc":{"start":{"line":18,"column":4},"end":{"line":28,"column":5}},"locations":[{"start":{"line":18,"column":4},"end":{"line":28,"column":5}}]},"2":{"type":"branch","line":20,"loc":{"start":{"line":20,"column":43},"end":{"line":25,"column":9}},"locations":[{"start":{"line":20,"column":43},"end":{"line":25,"column":9}}]},"3":{"type":"branch","line":22,"loc":{"start":{"line":22,"column":47},"end":{"line":24,"column":13}},"locations":[{"start":{"line":22,"column":47},"end":{"line":24,"column":13}}]},"4":{"type":"branch","line":40,"loc":{"start":{"line":40,"column":4},"end":{"line":55,"column":5}},"locations":[{"start":{"line":40,"column":4},"end":{"line":55,"column":5}}]},"5":{"type":"branch","line":47,"loc":{"start":{"line":47,"column":43},"end":{"line":53,"column":9}},"locations":[{"start":{"line":47,"column":43},"end":{"line":53,"column":9}}]},"6":{"type":"branch","line":50,"loc":{"start":{"line":50,"column":47},"end":{"line":52,"column":13}},"locations":[{"start":{"line":50,"column":47},"end":{"line":52,"column":13}}]},"7":{"type":"branch","line":57,"loc":{"start":{"line":57,"column":4},"end":{"line":59,"column":5}},"locations":[{"start":{"line":57,"column":4},"end":{"line":59,"column":5}}]}},"b":{"0":[8],"1":[29],"2":[145],"3":[725],"4":[29],"5":[145],"6":[725],"7":[625]},"fnMap":{"0":{"name":"Coordinate","decl":{"start":{"line":8,"column":4},"end":{"line":11,"column":5}},"loc":{"start":{"line":8,"column":4},"end":{"line":11,"column":5}},"line":8},"1":{"name":"Board","decl":{"start":{"line":18,"column":4},"end":{"line":28,"column":5}},"loc":{"start":{"line":18,"column":4},"end":{"line":28,"column":5}},"line":18},"2":{"name":"Model","decl":{"start":{"line":40,"column":4},"end":{"line":55,"column":5}},"loc":{"start":{"line":40,"column":4},"end":{"line":55,"column":5}},"line":40},"3":{"name":"contents","decl":{"start":{"line":57,"column":4},"end":{"line":59,"column":5}},"loc":{"start":{"line":57,"column":4},"end":{"line":59,"column":5}},"line":57}},"f":{"0":8,"1":29,"2":29,"3":625}}
,"/Users/jacobbergeron/cs3733/my-app/src/puzzle.ts": {"path":"/Users/jacobbergeron/cs3733/my-app/src/puzzle.ts","all":false,"statementMap":{"1":{"start":{"line":2,"column":0},"end":{"line":2,"column":17}},"2":{"start":{"line":3,"column":0},"end":{"line":3,"column":15}},"3":{"start":{"line":4,"column":0},"end":{"line":4,"column":60}},"4":{"start":{"line":5,"column":0},"end":{"line":5,"column":21}},"5":{"start":{"line":6,"column":0},"end":{"line":6,"column":41}},"6":{"start":{"line":7,"column":0},"end":{"line":7,"column":41}},"7":{"start":{"line":8,"column":0},"end":{"line":8,"column":41}},"8":{"start":{"line":9,"column":0},"end":{"line":9,"column":41}},"9":{"start":{"line":10,"column":0},"end":{"line":10,"column":40}},"10":{"start":{"line":11,"column":0},"end":{"line":11,"column":14}},"11":{"start":{"line":12,"column":0},"end":{"line":12,"column":1}},"13":{"start":{"line":14,"column":0},"end":{"line":14,"column":17}},"14":{"start":{"line":15,"column":0},"end":{"line":15,"column":15}},"15":{"start":{"line":16,"column":0},"end":{"line":16,"column":59}},"16":{"start":{"line":17,"column":0},"end":{"line":17,"column":22}},"17":{"start":{"line":18,"column":0},"end":{"line":18,"column":41}},"18":{"start":{"line":19,"column":0},"end":{"line":19,"column":41}},"19":{"start":{"line":20,"column":0},"end":{"line":20,"column":41}},"20":{"start":{"line":21,"column":0},"end":{"line":21,"column":41}},"21":{"start":{"line":22,"column":0},"end":{"line":22,"column":40}},"22":{"start":{"line":23,"column":0},"end":{"line":23,"column":14}},"23":{"start":{"line":24,"column":0},"end":{"line":24,"column":1}},"25":{"start":{"line":26,"column":0},"end":{"line":26,"column":17}},"26":{"start":{"line":27,"column":0},"end":{"line":27,"column":15}},"27":{"start":{"line":28,"column":0},"end":{"line":28,"column":60}},"28":{"start":{"line":29,"column":0},"end":{"line":29,"column":21}},"29":{"start":{"line":30,"column":0},"end":{"line":30,"column":41}},"30":{"start":{"line":31,"column":0},"end":{"line":31,"column":41}},"31":{"start":{"line":32,"column":0},"end":{"line":32,"column":41}},"32":{"start":{"line":33,"column":0},"end":{"line":33,"column":41}},"33":{"start":{"line":34,"column":0},"end":{"line":34,"column":40}},"34":{"start":{"line":35,"column":0},"end":{"line":35,"column":14}},"35":{"start":{"line":36,"column":0},"end":{"line":36,"column":1}}},"s":{"1":1,"2":1,"3":1,"4":1,"5":1,"6":1,"7":1,"8":1,"9":1,"10":1,"11":1,"13":1,"14":1,"15":1,"16":1,"17":1,"18":1,"19":1,"20":1,"21":1,"22":1,"23":1,"25":1,"26":1,"27":1,"28":1,"29":1,"30":1,"31":1,"32":1,"33":1,"34":1,"35":1},"branchMap":{},"b":{},"fnMap":{},"f":{}}
,"/Users/jacobbergeron/cs3733/my-app/src/app/page.test.tsx": {"path":"/Users/jacobbergeron/cs3733/my-app/src/app/page.test.tsx","all":false,"statementMap":{"0":{"start":{"line":1,"column":0},"end":{"line":1,"column":37}},"1":{"start":{"line":2,"column":0},"end":{"line":2,"column":67}},"4":{"start":{"line":5,"column":0},"end":{"line":5,"column":25}},"9":{"start":{"line":10,"column":0},"end":{"line":10,"column":26}},"10":{"start":{"line":11,"column":0},"end":{"line":11,"column":53}},"11":{"start":{"line":12,"column":0},"end":{"line":12,"column":88}},"13":{"start":{"line":14,"column":0},"end":{"line":14,"column":24}},"15":{"start":{"line":16,"column":0},"end":{"line":16,"column":32}},"16":{"start":{"line":17,"column":0},"end":{"line":17,"column":35}},"18":{"start":{"line":19,"column":0},"end":{"line":19,"column":32}},"19":{"start":{"line":20,"column":0},"end":{"line":20,"column":35}},"22":{"start":{"line":23,"column":0},"end":{"line":23,"column":11}},"23":{"start":{"line":24,"column":0},"end":{"line":24,"column":2}},"25":{"start":{"line":26,"column":0},"end":{"line":26,"column":26}},"26":{"start":{"line":27,"column":0},"end":{"line":27,"column":53}},"27":{"start":{"line":28,"column":0},"end":{"line":28,"column":88}},"29":{"start":{"line":30,"column":0},"end":{"line":30,"column":24}},"31":{"start":{"line":32,"column":0},"end":{"line":32,"column":32}},"32":{"start":{"line":33,"column":0},"end":{"line":33,"column":42}},"34":{"start":{"line":35,"column":0},"end":{"line":35,"column":22}},"35":{"start":{"line":36,"column":0},"end":{"line":36,"column":27}},"37":{"start":{"line":38,"column":0},"end":{"line":38,"column":24}},"39":{"start":{"line":40,"column":0},"end":{"line":40,"column":11}},"40":{"start":{"line":41,"column":0},"end":{"line":41,"column":2}},"42":{"start":{"line":43,"column":0},"end":{"line":43,"column":27}},"43":{"start":{"line":44,"column":0},"end":{"line":44,"column":53}},"44":{"start":{"line":45,"column":0},"end":{"line":45,"column":88}},"46":{"start":{"line":47,"column":0},"end":{"line":47,"column":32}},"47":{"start":{"line":48,"column":0},"end":{"line":48,"column":42}},"49":{"start":{"line":50,"column":0},"end":{"line":50,"column":41}},"51":{"start":{"line":52,"column":0},"end":{"line":52,"column":22}},"52":{"start":{"line":53,"column":0},"end":{"line":53,"column":27}},"54":{"start":{"line":55,"column":0},"end":{"line":55,"column":24}},"55":{"start":{"line":56,"column":0},"end":{"line":56,"column":21}},"57":{"start":{"line":58,"column":0},"end":{"line":58,"column":24}},"59":{"start":{"line":60,"column":0},"end":{"line":60,"column":11}},"60":{"start":{"line":61,"column":0},"end":{"line":61,"column":2}},"62":{"start":{"line":63,"column":0},"end":{"line":63,"column":34}},"63":{"start":{"line":64,"column":0},"end":{"line":64,"column":53}},"64":{"start":{"line":65,"column":0},"end":{"line":65,"column":88}},"66":{"start":{"line":67,"column":0},"end":{"line":67,"column":36}},"67":{"start":{"line":68,"column":0},"end":{"line":68,"column":22}},"69":{"start":{"line":70,"column":0},"end":{"line":70,"column":32}},"70":{"start":{"line":71,"column":0},"end":{"line":71,"column":35}},"73":{"start":{"line":74,"column":0},"end":{"line":74,"column":36}},"74":{"start":{"line":75,"column":0},"end":{"line":75,"column":22}},"76":{"start":{"line":77,"column":0},"end":{"line":77,"column":32}},"77":{"start":{"line":78,"column":0},"end":{"line":78,"column":35}},"79":{"start":{"line":80,"column":0},"end":{"line":80,"column":11}},"80":{"start":{"line":81,"column":0},"end":{"line":81,"column":2}},"82":{"start":{"line":83,"column":0},"end":{"line":83,"column":35}},"83":{"start":{"line":84,"column":0},"end":{"line":84,"column":53}},"84":{"start":{"line":85,"column":0},"end":{"line":85,"column":88}},"86":{"start":{"line":87,"column":0},"end":{"line":87,"column":32}},"87":{"start":{"line":88,"column":0},"end":{"line":88,"column":32}},"88":{"start":{"line":89,"column":0},"end":{"line":89,"column":32}},"90":{"start":{"line":91,"column":0},"end":{"line":91,"column":36}},"92":{"start":{"line":93,"column":0},"end":{"line":93,"column":46}},"94":{"start":{"line":95,"column":0},"end":{"line":95,"column":22}},"95":{"start":{"line":96,"column":0},"end":{"line":96,"column":21}},"96":{"start":{"line":97,"column":0},"end":{"line":97,"column":22}},"97":{"start":{"line":98,"column":0},"end":{"line":98,"column":21}},"98":{"start":{"line":99,"column":0},"end":{"line":99,"column":22}},"99":{"start":{"line":100,"column":0},"end":{"line":100,"column":21}},"100":{"start":{"line":101,"column":0},"end":{"line":101,"column":24}},"102":{"start":{"line":103,"column":0},"end":{"line":103,"column":24}},"104":{"start":{"line":105,"column":0},"end":{"line":105,"column":11}},"105":{"start":{"line":106,"column":0},"end":{"line":106,"column":2}},"107":{"start":{"line":108,"column":0},"end":{"line":108,"column":33}},"108":{"start":{"line":109,"column":0},"end":{"line":109,"column":53}},"109":{"start":{"line":110,"column":0},"end":{"line":110,"column":88}},"112":{"start":{"line":113,"column":0},"end":{"line":113,"column":24}},"114":{"start":{"line":115,"column":0},"end":{"line":115,"column":32}},"115":{"start":{"line":116,"column":0},"end":{"line":116,"column":42}},"117":{"start":{"line":118,"column":0},"end":{"line":118,"column":22}},"118":{"start":{"line":119,"column":0},"end":{"line":119,"column":27}},"120":{"start":{"line":121,"column":0},"end":{"line":121,"column":24}},"122":{"start":{"line":123,"column":0},"end":{"line":123,"column":11}},"123":{"start":{"line":124,"column":0},"end":{"line":124,"column":2}},"125":{"start":{"line":126,"column":0},"end":{"line":126,"column":34}},"126":{"start":{"line":127,"column":0},"end":{"line":127,"column":53}},"127":{"start":{"line":128,"column":0},"end":{"line":128,"column":88}},"129":{"start":{"line":130,"column":0},"end":{"line":130,"column":24}},"131":{"start":{"line":132,"column":0},"end":{"line":132,"column":32}},"132":{"start":{"line":133,"column":0},"end":{"line":133,"column":32}},"134":{"start":{"line":135,"column":0},"end":{"line":135,"column":46}},"136":{"start":{"line":137,"column":0},"end":{"line":137,"column":22}},"137":{"start":{"line":138,"column":0},"end":{"line":138,"column":29}},"139":{"start":{"line":140,"column":0},"end":{"line":140,"column":22}},"140":{"start":{"line":141,"column":0},"end":{"line":141,"column":29}},"142":{"start":{"line":143,"column":0},"end":{"line":143,"column":24}},"144":{"start":{"line":145,"column":0},"end":{"line":145,"column":11}},"145":{"start":{"line":146,"column":0},"end":{"line":146,"column":2}}},"s":{"0":1,"1":1,"4":1,"9":1,"10":1,"11":1,"13":1,"15":1,"16":1,"18":1,"19":1,"22":1,"23":1,"25":1,"26":1,"27":1,"29":1,"31":1,"32":1,"34":1,"35":1,"37":1,"39":1,"40":1,"42":1,"43":1,"44":1,"46":1,"47":1,"49":1,"51":1,"52":1,"54":1,"55":1,"57":1,"59":1,"60":1,"62":1,"63":1,"64":1,"66":1,"67":1,"69":1,"70":1,"73":1,"74":1,"76":1,"77":1,"79":1,"80":1,"82":1,"83":1,"84":1,"86":1,"87":1,"88":1,"90":1,"92":1,"94":1,"95":1,"96":1,"97":1,"98":1,"99":1,"100":1,"102":1,"104":1,"105":1,"107":1,"108":1,"109":1,"112":1,"114":1,"115":1,"117":1,"118":1,"120":1,"122":1,"123":1,"125":1,"126":1,"127":1,"129":1,"131":1,"132":1,"134":1,"136":1,"137":1,"139":1,"140":1,"142":1,"144":1,"145":1},"branchMap":{"0":{"type":"branch","line":10,"loc":{"start":{"line":10,"column":13},"end":{"line":24,"column":2}},"locations":[{"start":{"line":10,"column":13},"end":{"line":24,"column":2}}]},"1":{"type":"branch","line":26,"loc":{"start":{"line":26,"column":13},"end":{"line":41,"column":2}},"locations":[{"start":{"line":26,"column":13},"end":{"line":41,"column":2}}]},"2":{"type":"branch","line":43,"loc":{"start":{"line":43,"column":14},"end":{"line":61,"column":2}},"locations":[{"start":{"line":43,"column":14},"end":{"line":61,"column":2}}]},"3":{"type":"branch","line":63,"loc":{"start":{"line":63,"column":21},"end":{"line":81,"column":2}},"locations":[{"start":{"line":63,"column":21},"end":{"line":81,"column":2}}]},"4":{"type":"branch","line":83,"loc":{"start":{"line":83,"column":22},"end":{"line":106,"column":2}},"locations":[{"start":{"line":83,"column":22},"end":{"line":106,"column":2}}]},"5":{"type":"branch","line":108,"loc":{"start":{"line":108,"column":20},"end":{"line":124,"column":2}},"locations":[{"start":{"line":108,"column":20},"end":{"line":124,"column":2}}]},"6":{"type":"branch","line":126,"loc":{"start":{"line":126,"column":21},"end":{"line":146,"column":2}},"locations":[{"start":{"line":126,"column":21},"end":{"line":146,"column":2}}]}},"b":{"0":[1],"1":[1],"2":[1],"3":[1],"4":[1],"5":[1],"6":[1]},"fnMap":{},"f":{}}
,"/Users/jacobbergeron/cs3733/my-app/src/app/page.tsx": {"path":"/Users/jacobbergeron/cs3733/my-app/src/app/page.tsx","all":false,"statementMap":{"0":{"start":{"line":1,"column":0},"end":{"line":1,"column":109}},"6":{"start":{"line":7,"column":0},"end":{"line":7,"column":32}},"8":{"start":{"line":9,"column":0},"end":{"line":9,"column":56}},"9":{"start":{"line":10,"column":0},"end":{"line":10,"column":49}},"17":{"start":{"line":18,"column":0},"end":{"line":18,"column":32}},"18":{"start":{"line":19,"column":0},"end":{"line":19,"column":27}},"19":{"start":{"line":20,"column":0},"end":{"line":20,"column":3}},"22":{"start":{"line":23,"column":0},"end":{"line":23,"column":28}},"23":{"start":{"line":24,"column":0},"end":{"line":24,"column":50}},"24":{"start":{"line":25,"column":0},"end":{"line":25,"column":17}},"25":{"start":{"line":26,"column":0},"end":{"line":26,"column":5}},"26":{"start":{"line":27,"column":0},"end":{"line":27,"column":16}},"27":{"start":{"line":28,"column":0},"end":{"line":28,"column":3}},"30":{"start":{"line":31,"column":0},"end":{"line":31,"column":42}},"31":{"start":{"line":32,"column":0},"end":{"line":32,"column":45}},"32":{"start":{"line":33,"column":0},"end":{"line":33,"column":17}},"33":{"start":{"line":34,"column":0},"end":{"line":34,"column":5}},"34":{"start":{"line":35,"column":0},"end":{"line":35,"column":16}},"35":{"start":{"line":36,"column":0},"end":{"line":36,"column":3}},"41":{"start":{"line":42,"column":0},"end":{"line":42,"column":43}},"42":{"start":{"line":43,"column":0},"end":{"line":43,"column":45}},"44":{"start":{"line":45,"column":0},"end":{"line":45,"column":19}},"45":{"start":{"line":46,"column":0},"end":{"line":46,"column":32}},"47":{"start":{"line":48,"column":0},"end":{"line":48,"column":32}},"48":{"start":{"line":49,"column":0},"end":{"line":49,"column":23}},"49":{"start":{"line":50,"column":0},"end":{"line":50,"column":9}},"51":{"start":{"line":52,"column":0},"end":{"line":52,"column":114}},"52":{"start":{"line":53,"column":0},"end":{"line":53,"column":21}},"53":{"start":{"line":54,"column":0},"end":{"line":54,"column":9}},"54":{"start":{"line":55,"column":0},"end":{"line":55,"column":14}},"55":{"start":{"line":56,"column":0},"end":{"line":56,"column":22}},"56":{"start":{"line":57,"column":0},"end":{"line":57,"column":9}},"57":{"start":{"line":58,"column":0},"end":{"line":58,"column":7}},"58":{"start":{"line":59,"column":0},"end":{"line":59,"column":35}},"60":{"start":{"line":61,"column":0},"end":{"line":61,"column":32}},"61":{"start":{"line":62,"column":0},"end":{"line":62,"column":23}},"62":{"start":{"line":63,"column":0},"end":{"line":63,"column":9}},"64":{"start":{"line":65,"column":0},"end":{"line":65,"column":114}},"65":{"start":{"line":66,"column":0},"end":{"line":66,"column":21}},"66":{"start":{"line":67,"column":0},"end":{"line":67,"column":9}},"67":{"start":{"line":68,"column":0},"end":{"line":68,"column":14}},"68":{"start":{"line":69,"column":0},"end":{"line":69,"column":22}},"69":{"start":{"line":70,"column":0},"end":{"line":70,"column":9}},"70":{"start":{"line":71,"column":0},"end":{"line":71,"column":7}},"71":{"start":{"line":72,"column":0},"end":{"line":72,"column":38}},"73":{"start":{"line":74,"column":0},"end":{"line":74,"column":36}},"74":{"start":{"line":75,"column":0},"end":{"line":75,"column":23}},"75":{"start":{"line":76,"column":0},"end":{"line":76,"column":9}},"77":{"start":{"line":78,"column":0},"end":{"line":78,"column":114}},"78":{"start":{"line":79,"column":0},"end":{"line":79,"column":21}},"79":{"start":{"line":80,"column":0},"end":{"line":80,"column":9}},"80":{"start":{"line":81,"column":0},"end":{"line":81,"column":14}},"81":{"start":{"line":82,"column":0},"end":{"line":82,"column":22}},"82":{"start":{"line":83,"column":0},"end":{"line":83,"column":9}},"83":{"start":{"line":84,"column":0},"end":{"line":84,"column":7}},"84":{"start":{"line":85,"column":0},"end":{"line":85,"column":37}},"86":{"start":{"line":87,"column":0},"end":{"line":87,"column":36}},"87":{"start":{"line":88,"column":0},"end":{"line":88,"column":23}},"88":{"start":{"line":89,"column":0},"end":{"line":89,"column":9}},"90":{"start":{"line":91,"column":0},"end":{"line":91,"column":114}},"91":{"start":{"line":92,"column":0},"end":{"line":92,"column":21}},"92":{"start":{"line":93,"column":0},"end":{"line":93,"column":9}},"93":{"start":{"line":94,"column":0},"end":{"line":94,"column":14}},"94":{"start":{"line":95,"column":0},"end":{"line":95,"column":22}},"95":{"start":{"line":96,"column":0},"end":{"line":96,"column":9}},"96":{"start":{"line":97,"column":0},"end":{"line":97,"column":7}},"97":{"start":{"line":98,"column":0},"end":{"line":98,"column":5}},"98":{"start":{"line":99,"column":0},"end":{"line":99,"column":3}},"102":{"start":{"line":103,"column":0},"end":{"line":103,"column":46}},"103":{"start":{"line":104,"column":0},"end":{"line":104,"column":42}},"104":{"start":{"line":105,"column":0},"end":{"line":105,"column":17}},"105":{"start":{"line":106,"column":0},"end":{"line":106,"column":5}},"106":{"start":{"line":107,"column":0},"end":{"line":107,"column":10}},"107":{"start":{"line":108,"column":0},"end":{"line":108,"column":18}},"108":{"start":{"line":109,"column":0},"end":{"line":109,"column":5}},"109":{"start":{"line":110,"column":0},"end":{"line":110,"column":3}},"111":{"start":{"line":112,"column":0},"end":{"line":112,"column":27}},"113":{"start":{"line":114,"column":0},"end":{"line":114,"column":35}},"114":{"start":{"line":115,"column":0},"end":{"line":115,"column":108}},"115":{"start":{"line":116,"column":0},"end":{"line":116,"column":19}},"116":{"start":{"line":117,"column":0},"end":{"line":117,"column":7}},"117":{"start":{"line":118,"column":0},"end":{"line":118,"column":18}},"118":{"start":{"line":119,"column":0},"end":{"line":119,"column":5}},"119":{"start":{"line":120,"column":0},"end":{"line":120,"column":3}},"122":{"start":{"line":123,"column":0},"end":{"line":123,"column":28}},"123":{"start":{"line":124,"column":0},"end":{"line":124,"column":19}},"124":{"start":{"line":125,"column":0},"end":{"line":125,"column":31}},"125":{"start":{"line":126,"column":0},"end":{"line":126,"column":33}},"127":{"start":{"line":128,"column":0},"end":{"line":128,"column":49}},"128":{"start":{"line":129,"column":0},"end":{"line":129,"column":37}},"130":{"start":{"line":131,"column":0},"end":{"line":131,"column":67}},"131":{"start":{"line":132,"column":0},"end":{"line":132,"column":61}},"132":{"start":{"line":133,"column":0},"end":{"line":133,"column":13}},"133":{"start":{"line":134,"column":0},"end":{"line":134,"column":11}},"134":{"start":{"line":135,"column":0},"end":{"line":135,"column":9}},"135":{"start":{"line":136,"column":0},"end":{"line":136,"column":7}},"136":{"start":{"line":137,"column":0},"end":{"line":137,"column":5}},"137":{"start":{"line":138,"column":0},"end":{"line":138,"column":22}},"138":{"start":{"line":139,"column":0},"end":{"line":139,"column":3}},"141":{"start":{"line":142,"column":0},"end":{"line":142,"column":30}},"142":{"start":{"line":143,"column":0},"end":{"line":143,"column":31}},"143":{"start":{"line":144,"column":0},"end":{"line":144,"column":33}},"145":{"start":{"line":146,"column":0},"end":{"line":146,"column":44}},"146":{"start":{"line":147,"column":0},"end":{"line":147,"column":62}},"147":{"start":{"line":148,"column":0},"end":{"line":148,"column":20}},"148":{"start":{"line":149,"column":0},"end":{"line":149,"column":11}},"149":{"start":{"line":150,"column":0},"end":{"line":150,"column":16}},"150":{"start":{"line":151,"column":0},"end":{"line":151,"column":24}},"151":{"start":{"line":152,"column":0},"end":{"line":152,"column":11}},"152":{"start":{"line":153,"column":0},"end":{"line":153,"column":9}},"153":{"start":{"line":154,"column":0},"end":{"line":154,"column":7}},"154":{"start":{"line":155,"column":0},"end":{"line":155,"column":5}},"155":{"start":{"line":156,"column":0},"end":{"line":156,"column":15}},"156":{"start":{"line":157,"column":0},"end":{"line":157,"column":3}},"161":{"start":{"line":162,"column":0},"end":{"line":162,"column":53}},"163":{"start":{"line":164,"column":0},"end":{"line":164,"column":35}},"165":{"start":{"line":166,"column":0},"end":{"line":166,"column":31}},"167":{"start":{"line":168,"column":0},"end":{"line":168,"column":25}},"168":{"start":{"line":169,"column":0},"end":{"line":169,"column":5}},"169":{"start":{"line":170,"column":0},"end":{"line":170,"column":10}},"170":{"start":{"line":171,"column":0},"end":{"line":171,"column":44}},"171":{"start":{"line":172,"column":0},"end":{"line":172,"column":5}},"172":{"start":{"line":173,"column":0},"end":{"line":173,"column":3}},"175":{"start":{"line":176,"column":0},"end":{"line":176,"column":42}},"178":{"start":{"line":179,"column":0},"end":{"line":179,"column":71}},"180":{"start":{"line":181,"column":0},"end":{"line":181,"column":29}},"181":{"start":{"line":182,"column":0},"end":{"line":182,"column":5}},"182":{"start":{"line":183,"column":0},"end":{"line":183,"column":10}},"183":{"start":{"line":184,"column":0},"end":{"line":184,"column":40}},"184":{"start":{"line":185,"column":0},"end":{"line":185,"column":5}},"185":{"start":{"line":186,"column":0},"end":{"line":186,"column":3}},"189":{"start":{"line":190,"column":0},"end":{"line":190,"column":54}},"192":{"start":{"line":193,"column":0},"end":{"line":193,"column":50}},"193":{"start":{"line":194,"column":0},"end":{"line":194,"column":44}},"194":{"start":{"line":195,"column":0},"end":{"line":195,"column":5}},"196":{"start":{"line":197,"column":0},"end":{"line":197,"column":10}},"197":{"start":{"line":198,"column":0},"end":{"line":198,"column":63}},"198":{"start":{"line":199,"column":0},"end":{"line":199,"column":45}},"199":{"start":{"line":200,"column":0},"end":{"line":200,"column":5}},"200":{"start":{"line":201,"column":0},"end":{"line":201,"column":3}},"203":{"start":{"line":204,"column":0},"end":{"line":204,"column":44}},"204":{"start":{"line":205,"column":0},"end":{"line":205,"column":46}},"206":{"start":{"line":207,"column":0},"end":{"line":207,"column":19}},"207":{"start":{"line":208,"column":0},"end":{"line":208,"column":27}},"208":{"start":{"line":209,"column":0},"end":{"line":209,"column":30}},"210":{"start":{"line":211,"column":0},"end":{"line":211,"column":32}},"212":{"start":{"line":213,"column":0},"end":{"line":213,"column":103}},"213":{"start":{"line":214,"column":0},"end":{"line":214,"column":7}},"214":{"start":{"line":215,"column":0},"end":{"line":215,"column":35}},"216":{"start":{"line":217,"column":0},"end":{"line":217,"column":103}},"217":{"start":{"line":218,"column":0},"end":{"line":218,"column":7}},"218":{"start":{"line":219,"column":0},"end":{"line":219,"column":38}},"220":{"start":{"line":221,"column":0},"end":{"line":221,"column":103}},"221":{"start":{"line":222,"column":0},"end":{"line":222,"column":7}},"222":{"start":{"line":223,"column":0},"end":{"line":223,"column":37}},"224":{"start":{"line":225,"column":0},"end":{"line":225,"column":103}},"225":{"start":{"line":226,"column":0},"end":{"line":226,"column":7}},"228":{"start":{"line":229,"column":0},"end":{"line":229,"column":38}},"229":{"start":{"line":230,"column":0},"end":{"line":230,"column":44}},"230":{"start":{"line":231,"column":0},"end":{"line":231,"column":22}},"231":{"start":{"line":232,"column":0},"end":{"line":232,"column":25}},"232":{"start":{"line":233,"column":0},"end":{"line":233,"column":5}},"233":{"start":{"line":234,"column":0},"end":{"line":234,"column":3}},"235":{"start":{"line":236,"column":0},"end":{"line":236,"column":38}},"236":{"start":{"line":237,"column":0},"end":{"line":237,"column":30}},"237":{"start":{"line":238,"column":0},"end":{"line":238,"column":3}},"239":{"start":{"line":240,"column":0},"end":{"line":240,"column":26}},"240":{"start":{"line":241,"column":0},"end":{"line":241,"column":37}},"241":{"start":{"line":242,"column":0},"end":{"line":242,"column":22}},"242":{"start":{"line":243,"column":0},"end":{"line":243,"column":3}},"244":{"start":{"line":245,"column":0},"end":{"line":245,"column":28}},"245":{"start":{"line":246,"column":0},"end":{"line":246,"column":35}},"246":{"start":{"line":247,"column":0},"end":{"line":247,"column":15}},"247":{"start":{"line":248,"column":0},"end":{"line":248,"column":33}},"248":{"start":{"line":249,"column":0},"end":{"line":249,"column":5}},"249":{"start":{"line":250,"column":0},"end":{"line":250,"column":10}},"250":{"start":{"line":251,"column":0},"end":{"line":251,"column":37}},"251":{"start":{"line":252,"column":0},"end":{"line":252,"column":19}},"252":{"start":{"line":253,"column":0},"end":{"line":253,"column":5}},"253":{"start":{"line":254,"column":0},"end":{"line":254,"column":3}},"259":{"start":{"line":260,"column":0},"end":{"line":260,"column":45}},"261":{"start":{"line":262,"column":0},"end":{"line":262,"column":53}},"262":{"start":{"line":263,"column":0},"end":{"line":263,"column":56}},"264":{"start":{"line":265,"column":0},"end":{"line":265,"column":54}},"265":{"start":{"line":266,"column":0},"end":{"line":266,"column":30}},"266":{"start":{"line":267,"column":0},"end":{"line":267,"column":5}},"267":{"start":{"line":268,"column":0},"end":{"line":268,"column":19}},"268":{"start":{"line":269,"column":0},"end":{"line":269,"column":3}},"270":{"start":{"line":271,"column":0},"end":{"line":271,"column":10}},"271":{"start":{"line":272,"column":0},"end":{"line":272,"column":9}},"272":{"start":{"line":273,"column":0},"end":{"line":273,"column":29}},"273":{"start":{"line":274,"column":0},"end":{"line":274,"column":42}},"274":{"start":{"line":275,"column":0},"end":{"line":275,"column":123}},"275":{"start":{"line":276,"column":0},"end":{"line":276,"column":123}},"276":{"start":{"line":277,"column":0},"end":{"line":277,"column":123}},"277":{"start":{"line":278,"column":0},"end":{"line":278,"column":123}},"278":{"start":{"line":279,"column":0},"end":{"line":279,"column":123}},"279":{"start":{"line":280,"column":0},"end":{"line":280,"column":14}},"280":{"start":{"line":281,"column":0},"end":{"line":281,"column":42}},"281":{"start":{"line":282,"column":0},"end":{"line":282,"column":123}},"282":{"start":{"line":283,"column":0},"end":{"line":283,"column":123}},"283":{"start":{"line":284,"column":0},"end":{"line":284,"column":123}},"284":{"start":{"line":285,"column":0},"end":{"line":285,"column":123}},"285":{"start":{"line":286,"column":0},"end":{"line":286,"column":123}},"286":{"start":{"line":287,"column":0},"end":{"line":287,"column":14}},"287":{"start":{"line":288,"column":0},"end":{"line":288,"column":42}},"288":{"start":{"line":289,"column":0},"end":{"line":289,"column":123}},"289":{"start":{"line":290,"column":0},"end":{"line":290,"column":123}},"290":{"start":{"line":291,"column":0},"end":{"line":291,"column":123}},"291":{"start":{"line":292,"column":0},"end":{"line":292,"column":123}},"292":{"start":{"line":293,"column":0},"end":{"line":293,"column":123}},"293":{"start":{"line":294,"column":0},"end":{"line":294,"column":14}},"294":{"start":{"line":295,"column":0},"end":{"line":295,"column":42}},"295":{"start":{"line":296,"column":0},"end":{"line":296,"column":123}},"296":{"start":{"line":297,"column":0},"end":{"line":297,"column":123}},"297":{"start":{"line":298,"column":0},"end":{"line":298,"column":123}},"298":{"start":{"line":299,"column":0},"end":{"line":299,"column":123}},"299":{"start":{"line":300,"column":0},"end":{"line":300,"column":123}},"300":{"start":{"line":301,"column":0},"end":{"line":301,"column":14}},"301":{"start":{"line":302,"column":0},"end":{"line":302,"column":42}},"302":{"start":{"line":303,"column":0},"end":{"line":303,"column":123}},"303":{"start":{"line":304,"column":0},"end":{"line":304,"column":123}},"304":{"start":{"line":305,"column":0},"end":{"line":305,"column":123}},"305":{"start":{"line":306,"column":0},"end":{"line":306,"column":123}},"306":{"start":{"line":307,"column":0},"end":{"line":307,"column":123}},"307":{"start":{"line":308,"column":0},"end":{"line":308,"column":14}},"308":{"start":{"line":309,"column":0},"end":{"line":309,"column":12}},"309":{"start":{"line":310,"column":0},"end":{"line":310,"column":11}},"310":{"start":{"line":311,"column":0},"end":{"line":311,"column":36}},"311":{"start":{"line":312,"column":0},"end":{"line":312,"column":125}},"312":{"start":{"line":313,"column":0},"end":{"line":313,"column":119}},"313":{"start":{"line":314,"column":0},"end":{"line":314,"column":128}},"314":{"start":{"line":315,"column":0},"end":{"line":315,"column":125}},"315":{"start":{"line":316,"column":0},"end":{"line":316,"column":14}},"316":{"start":{"line":317,"column":0},"end":{"line":317,"column":12}},"317":{"start":{"line":318,"column":0},"end":{"line":318,"column":11}},"318":{"start":{"line":319,"column":0},"end":{"line":319,"column":42}},"319":{"start":{"line":320,"column":0},"end":{"line":320,"column":103}},"320":{"start":{"line":321,"column":0},"end":{"line":321,"column":103}},"321":{"start":{"line":322,"column":0},"end":{"line":322,"column":103}},"322":{"start":{"line":323,"column":0},"end":{"line":323,"column":14}},"323":{"start":{"line":324,"column":0},"end":{"line":324,"column":12}},"324":{"start":{"line":325,"column":0},"end":{"line":325,"column":54}},"325":{"start":{"line":326,"column":0},"end":{"line":326,"column":64}},"326":{"start":{"line":327,"column":0},"end":{"line":327,"column":80}},"327":{"start":{"line":328,"column":0},"end":{"line":328,"column":125}},"328":{"start":{"line":329,"column":0},"end":{"line":329,"column":117}},"329":{"start":{"line":330,"column":0},"end":{"line":330,"column":10}},"331":{"start":{"line":332,"column":0},"end":{"line":332,"column":1}}},"s":{"0":1,"6":25,"8":25,"9":25,"17":25,"18":14,"19":14,"22":25,"23":8,"24":8,"25":8,"26":0,"27":8,"30":25,"31":6,"32":6,"33":6,"34":0,"35":6,"41":25,"42":8,"44":8,"45":8,"47":2,"48":0,"49":0,"51":2,"52":2,"53":2,"54":0,"55":0,"56":0,"57":2,"58":6,"60":6,"61":2,"62":2,"64":4,"65":4,"66":4,"67":0,"68":0,"69":0,"70":6,"71":0,"73":0,"74":0,"75":0,"77":0,"78":0,"79":0,"80":0,"81":0,"82":0,"83":0,"84":0,"86":0,"87":0,"88":0,"90":0,"91":0,"92":0,"93":0,"94":0,"95":0,"96":0,"97":8,"98":8,"102":25,"103":14,"104":14,"105":14,"106":0,"107":0,"108":0,"109":14,"111":25,"113":6,"114":6,"115":6,"116":6,"117":0,"118":0,"119":6,"122":25,"123":25,"124":25,"125":125,"127":625,"128":10,"130":50,"131":6,"132":6,"133":50,"134":10,"135":625,"136":125,"137":25,"138":25,"141":25,"142":1,"143":1,"145":1,"146":1,"147":0,"148":0,"149":1,"150":1,"151":1,"152":1,"153":1,"154":0,"155":0,"156":1,"161":25,"163":8,"165":8,"167":8,"168":8,"169":0,"170":0,"171":0,"172":8,"175":25,"178":8,"180":6,"181":6,"182":2,"183":2,"184":2,"185":8,"189":25,"192":8,"193":0,"194":0,"196":8,"197":8,"198":8,"199":8,"200":8,"203":25,"204":6,"206":6,"207":6,"208":6,"210":6,"212":2,"213":2,"214":4,"216":4,"217":4,"218":0,"220":0,"221":0,"222":0,"224":0,"225":0,"228":6,"229":6,"230":6,"231":6,"232":6,"233":6,"235":25,"236":2,"237":2,"239":25,"240":2,"241":2,"242":2,"244":25,"245":1,"246":1,"247":0,"248":0,"249":1,"250":1,"251":1,"252":1,"253":1,"259":25,"261":625,"262":625,"264":625,"265":8,"266":8,"267":617,"268":625,"270":25,"271":25,"272":25,"273":25,"274":25,"275":25,"276":25,"277":25,"278":25,"279":25,"280":25,"281":25,"282":25,"283":25,"284":25,"285":25,"286":25,"287":25,"288":25,"289":25,"290":25,"291":25,"292":25,"293":25,"294":25,"295":25,"296":25,"297":25,"298":25,"299":25,"300":25,"301":25,"302":25,"303":25,"304":25,"305":25,"306":25,"307":25,"308":25,"309":25,"310":25,"311":25,"312":25,"313":25,"314":25,"315":25,"316":25,"317":25,"318":25,"319":25,"320":25,"321":25,"322":25,"323":25,"324":25,"325":25,"326":25,"327":25,"328":25,"329":25,"331":25},"branchMap":{"0":{"type":"branch","line":7,"loc":{"start":{"line":7,"column":0},"end":{"line":332,"column":1}},"locations":[{"start":{"line":7,"column":0},"end":{"line":332,"column":1}}]},"1":{"type":"branch","line":18,"loc":{"start":{"line":18,"column":2},"end":{"line":20,"column":3}},"locations":[{"start":{"line":18,"column":2},"end":{"line":20,"column":3}}]},"2":{"type":"branch","line":23,"loc":{"start":{"line":23,"column":2},"end":{"line":28,"column":3}},"locations":[{"start":{"line":23,"column":2},"end":{"line":28,"column":3}}]},"3":{"type":"branch","line":26,"loc":{"start":{"line":26,"column":4},"end":{"line":27,"column":16}},"locations":[{"start":{"line":26,"column":4},"end":{"line":27,"column":16}}]},"4":{"type":"branch","line":31,"loc":{"start":{"line":31,"column":2},"end":{"line":36,"column":3}},"locations":[{"start":{"line":31,"column":2},"end":{"line":36,"column":3}}]},"5":{"type":"branch","line":34,"loc":{"start":{"line":34,"column":4},"end":{"line":35,"column":16}},"locations":[{"start":{"line":34,"column":4},"end":{"line":35,"column":16}}]},"6":{"type":"branch","line":42,"loc":{"start":{"line":42,"column":2},"end":{"line":99,"column":3}},"locations":[{"start":{"line":42,"column":2},"end":{"line":99,"column":3}}]},"7":{"type":"branch","line":46,"loc":{"start":{"line":46,"column":31},"end":{"line":58,"column":7}},"locations":[{"start":{"line":46,"column":31},"end":{"line":58,"column":7}}]},"8":{"type":"branch","line":48,"loc":{"start":{"line":48,"column":31},"end":{"line":50,"column":9}},"locations":[{"start":{"line":48,"column":31},"end":{"line":50,"column":9}}]},"9":{"type":"branch","line":54,"loc":{"start":{"line":54,"column":8},"end":{"line":57,"column":9}},"locations":[{"start":{"line":54,"column":8},"end":{"line":57,"column":9}}]},"10":{"type":"branch","line":58,"loc":{"start":{"line":58,"column":6},"end":{"line":97,"column":7}},"locations":[{"start":{"line":58,"column":6},"end":{"line":97,"column":7}}]},"11":{"type":"branch","line":61,"loc":{"start":{"line":61,"column":31},"end":{"line":63,"column":9}},"locations":[{"start":{"line":61,"column":31},"end":{"line":63,"column":9}}]},"12":{"type":"branch","line":63,"loc":{"start":{"line":63,"column":8},"end":{"line":70,"column":9}},"locations":[{"start":{"line":63,"column":8},"end":{"line":70,"column":9}}]},"13":{"type":"branch","line":67,"loc":{"start":{"line":67,"column":8},"end":{"line":70,"column":9}},"locations":[{"start":{"line":67,"column":8},"end":{"line":70,"column":9}}]},"14":{"type":"branch","line":71,"loc":{"start":{"line":71,"column":6},"end":{"line":97,"column":7}},"locations":[{"start":{"line":71,"column":6},"end":{"line":97,"column":7}}]},"15":{"type":"branch","line":103,"loc":{"start":{"line":103,"column":2},"end":{"line":110,"column":3}},"locations":[{"start":{"line":103,"column":2},"end":{"line":110,"column":3}}]},"16":{"type":"branch","line":106,"loc":{"start":{"line":106,"column":4},"end":{"line":109,"column":5}},"locations":[{"start":{"line":106,"column":4},"end":{"line":109,"column":5}}]},"17":{"type":"branch","line":112,"loc":{"start":{"line":112,"column":2},"end":{"line":120,"column":3}},"locations":[{"start":{"line":112,"column":2},"end":{"line":120,"column":3}}]},"18":{"type":"branch","line":117,"loc":{"start":{"line":117,"column":6},"end":{"line":119,"column":5}},"locations":[{"start":{"line":117,"column":6},"end":{"line":119,"column":5}}]},"19":{"type":"branch","line":123,"loc":{"start":{"line":123,"column":2},"end":{"line":139,"column":3}},"locations":[{"start":{"line":123,"column":2},"end":{"line":139,"column":3}}]},"20":{"type":"branch","line":125,"loc":{"start":{"line":125,"column":30},"end":{"line":137,"column":5}},"locations":[{"start":{"line":125,"column":30},"end":{"line":137,"column":5}}]},"21":{"type":"branch","line":126,"loc":{"start":{"line":126,"column":32},"end":{"line":136,"column":7}},"locations":[{"start":{"line":126,"column":32},"end":{"line":136,"column":7}}]},"22":{"type":"branch","line":128,"loc":{"start":{"line":128,"column":48},"end":{"line":135,"column":9}},"locations":[{"start":{"line":128,"column":48},"end":{"line":135,"column":9}}]},"23":{"type":"branch","line":129,"loc":{"start":{"line":129,"column":36},"end":{"line":134,"column":11}},"locations":[{"start":{"line":129,"column":36},"end":{"line":134,"column":11}}]},"24":{"type":"branch","line":131,"loc":{"start":{"line":131,"column":66},"end":{"line":133,"column":13}},"locations":[{"start":{"line":131,"column":66},"end":{"line":133,"column":13}}]},"25":{"type":"branch","line":142,"loc":{"start":{"line":142,"column":2},"end":{"line":157,"column":3}},"locations":[{"start":{"line":142,"column":2},"end":{"line":157,"column":3}}]},"26":{"type":"branch","line":147,"loc":{"start":{"line":147,"column":61},"end":{"line":149,"column":11}},"locations":[{"start":{"line":147,"column":61},"end":{"line":149,"column":11}}]},"27":{"type":"branch","line":154,"loc":{"start":{"line":154,"column":6},"end":{"line":156,"column":15}},"locations":[{"start":{"line":154,"column":6},"end":{"line":156,"column":15}}]},"28":{"type":"branch","line":162,"loc":{"start":{"line":162,"column":2},"end":{"line":173,"column":3}},"locations":[{"start":{"line":162,"column":2},"end":{"line":173,"column":3}}]},"29":{"type":"branch","line":169,"loc":{"start":{"line":169,"column":4},"end":{"line":172,"column":5}},"locations":[{"start":{"line":169,"column":4},"end":{"line":172,"column":5}}]},"30":{"type":"branch","line":176,"loc":{"start":{"line":176,"column":2},"end":{"line":186,"column":3}},"locations":[{"start":{"line":176,"column":2},"end":{"line":186,"column":3}}]},"31":{"type":"branch","line":179,"loc":{"start":{"line":179,"column":48},"end":{"line":179,"column":70}},"locations":[{"start":{"line":179,"column":48},"end":{"line":179,"column":70}}]},"32":{"type":"branch","line":179,"loc":{"start":{"line":179,"column":70},"end":{"line":182,"column":5}},"locations":[{"start":{"line":179,"column":70},"end":{"line":182,"column":5}}]},"33":{"type":"branch","line":182,"loc":{"start":{"line":182,"column":4},"end":{"line":185,"column":5}},"locations":[{"start":{"line":182,"column":4},"end":{"line":185,"column":5}}]},"34":{"type":"branch","line":190,"loc":{"start":{"line":190,"column":2},"end":{"line":201,"column":3}},"locations":[{"start":{"line":190,"column":2},"end":{"line":201,"column":3}}]},"35":{"type":"branch","line":193,"loc":{"start":{"line":193,"column":49},"end":{"line":195,"column":5}},"locations":[{"start":{"line":193,"column":49},"end":{"line":195,"column":5}}]},"36":{"type":"branch","line":204,"loc":{"start":{"line":204,"column":2},"end":{"line":234,"column":3}},"locations":[{"start":{"line":204,"column":2},"end":{"line":234,"column":3}}]},"37":{"type":"branch","line":211,"loc":{"start":{"line":211,"column":31},"end":{"line":214,"column":7}},"locations":[{"start":{"line":211,"column":31},"end":{"line":214,"column":7}}]},"38":{"type":"branch","line":214,"loc":{"start":{"line":214,"column":6},"end":{"line":226,"column":7}},"locations":[{"start":{"line":214,"column":6},"end":{"line":226,"column":7}}]},"39":{"type":"branch","line":218,"loc":{"start":{"line":218,"column":6},"end":{"line":226,"column":7}},"locations":[{"start":{"line":218,"column":6},"end":{"line":226,"column":7}}]},"40":{"type":"branch","line":236,"loc":{"start":{"line":236,"column":2},"end":{"line":238,"column":3}},"locations":[{"start":{"line":236,"column":2},"end":{"line":238,"column":3}}]},"41":{"type":"branch","line":240,"loc":{"start":{"line":240,"column":2},"end":{"line":243,"column":3}},"locations":[{"start":{"line":240,"column":2},"end":{"line":243,"column":3}}]},"42":{"type":"branch","line":245,"loc":{"start":{"line":245,"column":2},"end":{"line":254,"column":3}},"locations":[{"start":{"line":245,"column":2},"end":{"line":254,"column":3}}]},"43":{"type":"branch","line":247,"loc":{"start":{"line":247,"column":14},"end":{"line":249,"column":5}},"locations":[{"start":{"line":247,"column":14},"end":{"line":249,"column":5}}]},"44":{"type":"branch","line":260,"loc":{"start":{"line":260,"column":2},"end":{"line":269,"column":3}},"locations":[{"start":{"line":260,"column":2},"end":{"line":269,"column":3}}]},"45":{"type":"branch","line":262,"loc":{"start":{"line":262,"column":34},"end":{"line":262,"column":53}},"locations":[{"start":{"line":262,"column":34},"end":{"line":262,"column":53}}]},"46":{"type":"branch","line":263,"loc":{"start":{"line":263,"column":34},"end":{"line":263,"column":56}},"locations":[{"start":{"line":263,"column":34},"end":{"line":263,"column":56}}]},"47":{"type":"branch","line":265,"loc":{"start":{"line":265,"column":15},"end":{"line":265,"column":53}},"locations":[{"start":{"line":265,"column":15},"end":{"line":265,"column":53}}]},"48":{"type":"branch","line":265,"loc":{"start":{"line":265,"column":53},"end":{"line":267,"column":5}},"locations":[{"start":{"line":265,"column":53},"end":{"line":267,"column":5}}]},"49":{"type":"branch","line":267,"loc":{"start":{"line":267,"column":4},"end":{"line":268,"column":19}},"locations":[{"start":{"line":267,"column":4},"end":{"line":268,"column":19}}]},"50":{"type":"branch","line":275,"loc":{"start":{"line":275,"column":67},"end":{"line":275,"column":93}},"locations":[{"start":{"line":275,"column":67},"end":{"line":275,"column":93}}]},"51":{"type":"branch","line":282,"loc":{"start":{"line":282,"column":67},"end":{"line":282,"column":93}},"locations":[{"start":{"line":282,"column":67},"end":{"line":282,"column":93}}]},"52":{"type":"branch","line":289,"loc":{"start":{"line":289,"column":67},"end":{"line":289,"column":93}},"locations":[{"start":{"line":289,"column":67},"end":{"line":289,"column":93}}]},"53":{"type":"branch","line":290,"loc":{"start":{"line":290,"column":67},"end":{"line":290,"column":93}},"locations":[{"start":{"line":290,"column":67},"end":{"line":290,"column":93}}]},"54":{"type":"branch","line":313,"loc":{"start":{"line":313,"column":79},"end":{"line":313,"column":103}},"locations":[{"start":{"line":313,"column":79},"end":{"line":313,"column":103}}]},"55":{"type":"branch","line":315,"loc":{"start":{"line":315,"column":83},"end":{"line":315,"column":109}},"locations":[{"start":{"line":315,"column":83},"end":{"line":315,"column":109}}]},"56":{"type":"branch","line":321,"loc":{"start":{"line":321,"column":70},"end":{"line":321,"column":93}},"locations":[{"start":{"line":321,"column":70},"end":{"line":321,"column":93}}]},"57":{"type":"branch","line":322,"loc":{"start":{"line":322,"column":70},"end":{"line":322,"column":93}},"locations":[{"start":{"line":322,"column":70},"end":{"line":322,"column":93}}]},"58":{"type":"branch","line":328,"loc":{"start":{"line":328,"column":79},"end":{"line":328,"column":102}},"locations":[{"start":{"line":328,"column":79},"end":{"line":328,"column":102}}]},"59":{"type":"branch","line":329,"loc":{"start":{"line":329,"column":75},"end":{"line":329,"column":96}},"locations":[{"start":{"line":329,"column":75},"end":{"line":329,"column":96}}]}},"b":{"0":[25],"1":[14],"2":[8],"3":[0],"4":[6],"5":[0],"6":[8],"7":[2],"8":[0],"9":[0],"10":[6],"11":[2],"12":[4],"13":[0],"14":[0],"15":[14],"16":[0],"17":[6],"18":[0],"19":[25],"20":[125],"21":[625],"22":[10],"23":[50],"24":[6],"25":[1],"26":[0],"27":[0],"28":[8],"29":[0],"30":[8],"31":[6],"32":[6],"33":[2],"34":[8],"35":[0],"36":[6],"37":[2],"38":[4],"39":[0],"40":[2],"41":[2],"42":[1],"43":[0],"44":[625],"45":[200],"46":[200],"47":[40],"48":[8],"49":[617],"50":[2],"51":[3],"52":[2],"53":[1],"54":[6],"55":[2],"56":[1],"57":[1],"58":[1],"59":[1]},"fnMap":{"0":{"name":"Home","decl":{"start":{"line":7,"column":0},"end":{"line":332,"column":1}},"loc":{"start":{"line":7,"column":0},"end":{"line":332,"column":1}},"line":7},"1":{"name":"andRefreshDisplay","decl":{"start":{"line":18,"column":2},"end":{"line":20,"column":3}},"loc":{"start":{"line":18,"column":2},"end":{"line":20,"column":3}},"line":18},"2":{"name":"checkSelected","decl":{"start":{"line":23,"column":2},"end":{"line":28,"column":3}},"loc":{"start":{"line":23,"column":2},"end":{"line":28,"column":3}},"line":23},"3":{"name":"lessThan6","decl":{"start":{"line":31,"column":2},"end":{"line":36,"column":3}},"loc":{"start":{"line":31,"column":2},"end":{"line":36,"column":3}},"line":31},"4":{"name":"moveIsValid","decl":{"start":{"line":42,"column":2},"end":{"line":99,"column":3}},"loc":{"start":{"line":42,"column":2},"end":{"line":99,"column":3}},"line":42},"5":{"name":"hasContents","decl":{"start":{"line":103,"column":2},"end":{"line":110,"column":3}},"loc":{"start":{"line":103,"column":2},"end":{"line":110,"column":3}},"line":103},"6":{"name":"checkContents","decl":{"start":{"line":112,"column":2},"end":{"line":120,"column":3}},"loc":{"start":{"line":112,"column":2},"end":{"line":120,"column":3}},"line":112},"7":{"name":"calculateScore","decl":{"start":{"line":123,"column":2},"end":{"line":139,"column":3}},"loc":{"start":{"line":123,"column":2},"end":{"line":139,"column":3}},"line":123},"8":{"name":"validateSolution","decl":{"start":{"line":142,"column":2},"end":{"line":157,"column":3}},"loc":{"start":{"line":142,"column":2},"end":{"line":157,"column":3}},"line":142},"9":{"name":"handleClick","decl":{"start":{"line":162,"column":2},"end":{"line":173,"column":3}},"loc":{"start":{"line":162,"column":2},"end":{"line":173,"column":3}},"line":162},"10":{"name":"arrowClick","decl":{"start":{"line":176,"column":2},"end":{"line":186,"column":3}},"loc":{"start":{"line":176,"column":2},"end":{"line":186,"column":3}},"line":176},"11":{"name":"selectSquare","decl":{"start":{"line":190,"column":2},"end":{"line":201,"column":3}},"loc":{"start":{"line":190,"column":2},"end":{"line":201,"column":3}},"line":190},"12":{"name":"moveContents","decl":{"start":{"line":204,"column":2},"end":{"line":234,"column":3}},"loc":{"start":{"line":204,"column":2},"end":{"line":234,"column":3}},"line":204},"13":{"name":"chooseConfig","decl":{"start":{"line":236,"column":2},"end":{"line":238,"column":3}},"loc":{"start":{"line":236,"column":2},"end":{"line":238,"column":3}},"line":236},"14":{"name":"resetPuzzle","decl":{"start":{"line":240,"column":2},"end":{"line":243,"column":3}},"loc":{"start":{"line":240,"column":2},"end":{"line":243,"column":3}},"line":240},"15":{"name":"checkSolution","decl":{"start":{"line":245,"column":2},"end":{"line":254,"column":3}},"loc":{"start":{"line":245,"column":2},"end":{"line":254,"column":3}},"line":245},"16":{"name":"css","decl":{"start":{"line":260,"column":2},"end":{"line":269,"column":3}},"loc":{"start":{"line":260,"column":2},"end":{"line":269,"column":3}},"line":260},"17":{"name":"onClick","decl":{"start":{"line":275,"column":67},"end":{"line":275,"column":93}},"loc":{"start":{"line":275,"column":67},"end":{"line":275,"column":93}},"line":275},"18":{"name":"onClick","decl":{"start":{"line":276,"column":67},"end":{"line":276,"column":93}},"loc":{"start":{"line":276,"column":67},"end":{"line":276,"column":93}},"line":276},"19":{"name":"onClick","decl":{"start":{"line":277,"column":67},"end":{"line":277,"column":93}},"loc":{"start":{"line":277,"column":67},"end":{"line":277,"column":93}},"line":277},"20":{"name":"onClick","decl":{"start":{"line":278,"column":67},"end":{"line":278,"column":93}},"loc":{"start":{"line":278,"column":67},"end":{"line":278,"column":93}},"line":278},"21":{"name":"onClick","decl":{"start":{"line":279,"column":67},"end":{"line":279,"column":93}},"loc":{"start":{"line":279,"column":67},"end":{"line":279,"column":93}},"line":279},"22":{"name":"onClick","decl":{"start":{"line":282,"column":67},"end":{"line":282,"column":93}},"loc":{"start":{"line":282,"column":67},"end":{"line":282,"column":93}},"line":282},"23":{"name":"onClick","decl":{"start":{"line":283,"column":67},"end":{"line":283,"column":93}},"loc":{"start":{"line":283,"column":67},"end":{"line":283,"column":93}},"line":283},"24":{"name":"onClick","decl":{"start":{"line":284,"column":67},"end":{"line":284,"column":93}},"loc":{"start":{"line":284,"column":67},"end":{"line":284,"column":93}},"line":284},"25":{"name":"onClick","decl":{"start":{"line":285,"column":67},"end":{"line":285,"column":93}},"loc":{"start":{"line":285,"column":67},"end":{"line":285,"column":93}},"line":285},"26":{"name":"onClick","decl":{"start":{"line":286,"column":67},"end":{"line":286,"column":93}},"loc":{"start":{"line":286,"column":67},"end":{"line":286,"column":93}},"line":286},"27":{"name":"onClick","decl":{"start":{"line":289,"column":67},"end":{"line":289,"column":93}},"loc":{"start":{"line":289,"column":67},"end":{"line":289,"column":93}},"line":289},"28":{"name":"onClick","decl":{"start":{"line":290,"column":67},"end":{"line":290,"column":93}},"loc":{"start":{"line":290,"column":67},"end":{"line":290,"column":93}},"line":290},"29":{"name":"onClick","decl":{"start":{"line":291,"column":67},"end":{"line":291,"column":93}},"loc":{"start":{"line":291,"column":67},"end":{"line":291,"column":93}},"line":291},"30":{"name":"onClick","decl":{"start":{"line":292,"column":67},"end":{"line":292,"column":93}},"loc":{"start":{"line":292,"column":67},"end":{"line":292,"column":93}},"line":292},"31":{"name":"onClick","decl":{"start":{"line":293,"column":67},"end":{"line":293,"column":93}},"loc":{"start":{"line":293,"column":67},"end":{"line":293,"column":93}},"line":293},"32":{"name":"onClick","decl":{"start":{"line":296,"column":67},"end":{"line":296,"column":93}},"loc":{"start":{"line":296,"column":67},"end":{"line":296,"column":93}},"line":296},"33":{"name":"onClick","decl":{"start":{"line":297,"column":67},"end":{"line":297,"column":93}},"loc":{"start":{"line":297,"column":67},"end":{"line":297,"column":93}},"line":297},"34":{"name":"onClick","decl":{"start":{"line":298,"column":67},"end":{"line":298,"column":93}},"loc":{"start":{"line":298,"column":67},"end":{"line":298,"column":93}},"line":298},"35":{"name":"onClick","decl":{"start":{"line":299,"column":67},"end":{"line":299,"column":93}},"loc":{"start":{"line":299,"column":67},"end":{"line":299,"column":93}},"line":299},"36":{"name":"onClick","decl":{"start":{"line":300,"column":67},"end":{"line":300,"column":93}},"loc":{"start":{"line":300,"column":67},"end":{"line":300,"column":93}},"line":300},"37":{"name":"onClick","decl":{"start":{"line":303,"column":67},"end":{"line":303,"column":93}},"loc":{"start":{"line":303,"column":67},"end":{"line":303,"column":93}},"line":303},"38":{"name":"onClick","decl":{"start":{"line":304,"column":67},"end":{"line":304,"column":93}},"loc":{"start":{"line":304,"column":67},"end":{"line":304,"column":93}},"line":304},"39":{"name":"onClick","decl":{"start":{"line":305,"column":67},"end":{"line":305,"column":93}},"loc":{"start":{"line":305,"column":67},"end":{"line":305,"column":93}},"line":305},"40":{"name":"onClick","decl":{"start":{"line":306,"column":67},"end":{"line":306,"column":93}},"loc":{"start":{"line":306,"column":67},"end":{"line":306,"column":93}},"line":306},"41":{"name":"onClick","decl":{"start":{"line":307,"column":67},"end":{"line":307,"column":93}},"loc":{"start":{"line":307,"column":67},"end":{"line":307,"column":93}},"line":307},"42":{"name":"onClick","decl":{"start":{"line":312,"column":83},"end":{"line":312,"column":109}},"loc":{"start":{"line":312,"column":83},"end":{"line":312,"column":109}},"line":312},"43":{"name":"onClick","decl":{"start":{"line":313,"column":79},"end":{"line":313,"column":103}},"loc":{"start":{"line":313,"column":79},"end":{"line":313,"column":103}},"line":313},"44":{"name":"onClick","decl":{"start":{"line":314,"column":85},"end":{"line":314,"column":112}},"loc":{"start":{"line":314,"column":85},"end":{"line":314,"column":112}},"line":314},"45":{"name":"onClick","decl":{"start":{"line":315,"column":83},"end":{"line":315,"column":109}},"loc":{"start":{"line":315,"column":83},"end":{"line":315,"column":109}},"line":315},"46":{"name":"onClick","decl":{"start":{"line":320,"column":70},"end":{"line":320,"column":93}},"loc":{"start":{"line":320,"column":70},"end":{"line":320,"column":93}},"line":320},"47":{"name":"onClick","decl":{"start":{"line":321,"column":70},"end":{"line":321,"column":93}},"loc":{"start":{"line":321,"column":70},"end":{"line":321,"column":93}},"line":321},"48":{"name":"onClick","decl":{"start":{"line":322,"column":70},"end":{"line":322,"column":93}},"loc":{"start":{"line":322,"column":70},"end":{"line":322,"column":93}},"line":322},"49":{"name":"onClick","decl":{"start":{"line":328,"column":79},"end":{"line":328,"column":102}},"loc":{"start":{"line":328,"column":79},"end":{"line":328,"column":102}},"line":328},"50":{"name":"onClick","decl":{"start":{"line":329,"column":75},"end":{"line":329,"column":96}},"loc":{"start":{"line":329,"column":75},"end":{"line":329,"column":96}},"line":329}},"f":{"0":25,"1":14,"2":8,"3":6,"4":8,"5":14,"6":6,"7":25,"8":1,"9":8,"10":8,"11":8,"12":6,"13":2,"14":2,"15":1,"16":625,"17":2,"18":0,"19":0,"20":0,"21":0,"22":3,"23":0,"24":0,"25":0,"26":0,"27":2,"28":1,"29":0,"30":0,"31":0,"32":0,"33":0,"34":0,"35":0,"36":0,"37":0,"38":0,"39":0,"40":0,"41":0,"42":0,"43":6,"44":0,"45":2,"46":0,"47":1,"48":1,"49":1,"50":1}}
}
